  main.cpp
f:\crespoters technological marvels\game development\opengl projects\last orb\last orb\main.cpp(259): warning C4305: 'argument': truncation from 'double' to 'float'
f:\crespoters technological marvels\game development\opengl projects\last orb\last orb\main.cpp(260): warning C4305: 'argument': truncation from 'double' to 'float'
f:\crespoters technological marvels\game development\opengl projects\last orb\last orb\main.cpp(267): warning C4244: '=': conversion from 'double' to 'float', possible loss of data
f:\crespoters technological marvels\game development\opengl projects\last orb\last orb\main.cpp(338): warning C4244: 'argument': conversion from 'double' to 'float', possible loss of data
f:\crespoters technological marvels\game development\opengl projects\last orb\last orb\main.cpp(346): warning C4244: '=': conversion from 'double' to 'float', possible loss of data
f:\crespoters technological marvels\game development\opengl projects\last orb\last orb\main.cpp(347): warning C4244: '=': conversion from 'double' to 'float', possible loss of data
f:\crespoters technological marvels\game development\opengl projects\last orb\last orb\main.cpp(589): warning C4244: '=': conversion from 'double' to 'float', possible loss of data
f:\crespoters technological marvels\game development\opengl projects\last orb\last orb\main.cpp(590): warning C4244: '=': conversion from 'double' to 'float', possible loss of data
f:\crespoters technological marvels\game development\opengl projects\last orb\last orb\main.cpp(594): warning C4244: 'initializing': conversion from 'double' to 'float', possible loss of data
f:\crespoters technological marvels\game development\opengl projects\last orb\last orb\main.cpp(595): warning C4244: 'initializing': conversion from 'double' to 'float', possible loss of data
f:\crespoters technological marvels\game development\opengl projects\last orb\last orb\main.cpp(597): warning C4244: '=': conversion from 'double' to 'float', possible loss of data
f:\crespoters technological marvels\game development\opengl projects\last orb\last orb\main.cpp(598): warning C4244: '=': conversion from 'double' to 'float', possible loss of data
glfw3.lib(context.obj) : warning LNK4099: PDB 'glfw.pdb' was not found with 'glfw3.lib(context.obj)' or at 'F:\Crespoters Technological Marvels\Game Development\Opengl Projects\Last Orb\Debug\glfw.pdb'; linking object as if no debug info
glfw3.lib(init.obj) : warning LNK4099: PDB 'glfw.pdb' was not found with 'glfw3.lib(init.obj)' or at 'F:\Crespoters Technological Marvels\Game Development\Opengl Projects\Last Orb\Debug\glfw.pdb'; linking object as if no debug info
glfw3.lib(input.obj) : warning LNK4099: PDB 'glfw.pdb' was not found with 'glfw3.lib(input.obj)' or at 'F:\Crespoters Technological Marvels\Game Development\Opengl Projects\Last Orb\Debug\glfw.pdb'; linking object as if no debug info
glfw3.lib(monitor.obj) : warning LNK4099: PDB 'glfw.pdb' was not found with 'glfw3.lib(monitor.obj)' or at 'F:\Crespoters Technological Marvels\Game Development\Opengl Projects\Last Orb\Debug\glfw.pdb'; linking object as if no debug info
glfw3.lib(vulkan.obj) : warning LNK4099: PDB 'glfw.pdb' was not found with 'glfw3.lib(vulkan.obj)' or at 'F:\Crespoters Technological Marvels\Game Development\Opengl Projects\Last Orb\Debug\glfw.pdb'; linking object as if no debug info
glfw3.lib(window.obj) : warning LNK4099: PDB 'glfw.pdb' was not found with 'glfw3.lib(window.obj)' or at 'F:\Crespoters Technological Marvels\Game Development\Opengl Projects\Last Orb\Debug\glfw.pdb'; linking object as if no debug info
glfw3.lib(win32_init.obj) : warning LNK4099: PDB 'glfw.pdb' was not found with 'glfw3.lib(win32_init.obj)' or at 'F:\Crespoters Technological Marvels\Game Development\Opengl Projects\Last Orb\Debug\glfw.pdb'; linking object as if no debug info
glfw3.lib(win32_joystick.obj) : warning LNK4099: PDB 'glfw.pdb' was not found with 'glfw3.lib(win32_joystick.obj)' or at 'F:\Crespoters Technological Marvels\Game Development\Opengl Projects\Last Orb\Debug\glfw.pdb'; linking object as if no debug info
glfw3.lib(win32_monitor.obj) : warning LNK4099: PDB 'glfw.pdb' was not found with 'glfw3.lib(win32_monitor.obj)' or at 'F:\Crespoters Technological Marvels\Game Development\Opengl Projects\Last Orb\Debug\glfw.pdb'; linking object as if no debug info
glfw3.lib(win32_time.obj) : warning LNK4099: PDB 'glfw.pdb' was not found with 'glfw3.lib(win32_time.obj)' or at 'F:\Crespoters Technological Marvels\Game Development\Opengl Projects\Last Orb\Debug\glfw.pdb'; linking object as if no debug info
glfw3.lib(win32_tls.obj) : warning LNK4099: PDB 'glfw.pdb' was not found with 'glfw3.lib(win32_tls.obj)' or at 'F:\Crespoters Technological Marvels\Game Development\Opengl Projects\Last Orb\Debug\glfw.pdb'; linking object as if no debug info
glfw3.lib(win32_window.obj) : warning LNK4099: PDB 'glfw.pdb' was not found with 'glfw3.lib(win32_window.obj)' or at 'F:\Crespoters Technological Marvels\Game Development\Opengl Projects\Last Orb\Debug\glfw.pdb'; linking object as if no debug info
glfw3.lib(wgl_context.obj) : warning LNK4099: PDB 'glfw.pdb' was not found with 'glfw3.lib(wgl_context.obj)' or at 'F:\Crespoters Technological Marvels\Game Development\Opengl Projects\Last Orb\Debug\glfw.pdb'; linking object as if no debug info
glfw3.lib(egl_context.obj) : warning LNK4099: PDB 'glfw.pdb' was not found with 'glfw3.lib(egl_context.obj)' or at 'F:\Crespoters Technological Marvels\Game Development\Opengl Projects\Last Orb\Debug\glfw.pdb'; linking object as if no debug info
  Last Orb.vcxproj -> F:\Crespoters Technological Marvels\Game Development\Opengl Projects\Last Orb\Debug\Last Orb.exe
  Last Orb.vcxproj -> F:\Crespoters Technological Marvels\Game Development\Opengl Projects\Last Orb\Debug\Last Orb.pdb (Partial PDB)
